<?xml version="1.0" encoding="UTF-8"?>
<testsuite xmlns:xsi="http://www.w3.org/2001/XMLSchema-instance" xsi:noNamespaceSchemaLocation="https://maven.apache.org/surefire/maven-surefire-plugin/xsd/surefire-test-report-3.0.xsd" version="3.0" name="org.productos.spring.java.productos2826502.Productos2826502ApplicationTests" time="4.737" tests="1" errors="0" skipped="0" failures="0">
  <properties>
[...]
</properties>
  <testcase name="contextLoads" classname="org.productos.spring.java.productos2826502.Productos2826502ApplicationTests" time="1.17">
    <system-out><![CDATA[15:01:17.972 [main] INFO org.springframework.test.context.support.AnnotationConfigContextLoaderUtils -- Could not detect default configuration classes for test class [org.productos.spring.java.productos2826502.Productos2826502ApplicationTests]: Productos2826502ApplicationTests does not declare any static, non-private, non-final, nested classes annotated with @Configuration.
15:01:18.113 [main] INFO org.springframework.boot.test.context.SpringBootTestContextBootstrapper -- Found @SpringBootConfiguration org.productos.spring.java.productos2826502.Productos2826502Application for test class org.productos.spring.java.productos2826502.Productos2826502ApplicationTests
15:01:18.356 [main] INFO org.springframework.boot.devtools.restart.RestartApplicationListener -- Restart disabled due to context in which it is running

  .   ____          _            __ _ _
 /\\ / ___'_ __ _ _(_)_ __  __ _ \ \ \ \
( ( )\___ | '_ | '_| | '_ \/ _` | \ \ \ \
 \\/  ___)| |_)| | | | | || (_| |  ) ) ) )
  '  |____| .__|_| |_|_| |_\__, | / / / /
 =========|_|==============|___/=/_/_/_/

 :: Spring Boot ::                (v3.3.1)

2024-07-23T15:01:18.723-05:00  INFO 29800 --- [productos2826502] [           main] p.s.j.p.Productos2826502ApplicationTests : Starting Productos2826502ApplicationTests using Java 21.0.3 with PID 29800 (started by Admin in C:\Users\Admin\Desktop\productos2826502)
2024-07-23T15:01:18.724-05:00  INFO 29800 --- [productos2826502] [           main] p.s.j.p.Productos2826502ApplicationTests : No active profile set, falling back to 1 default profile: "default"
2024-07-23T15:01:21.057-05:00  INFO 29800 --- [productos2826502] [           main] o.s.b.a.e.web.EndpointLinksResolver      : Exposing 1 endpoint beneath base path '/actuator'
2024-07-23T15:01:21.132-05:00  INFO 29800 --- [productos2826502] [           main] p.s.j.p.Productos2826502ApplicationTests : Started Productos2826502ApplicationTests in 2.803 seconds (process running for 4.141)
]]></system-out>
    <system-err><![CDATA[WARNING: A Java agent has been loaded dynamically (C:\Users\Admin\.m2\repository\net\bytebuddy\byte-buddy-agent\1.14.17\byte-buddy-agent-1.14.17.jar)
WARNING: If a serviceability tool is in use, please run with -XX:+EnableDynamicAgentLoading to hide this warning
WARNING: If a serviceability tool is not in use, please run with -Djdk.instrument.traceUsage for more information
WARNING: Dynamic loading of agents will be disallowed by default in a future release
]]></system-err>
  </testcase>
</testsuite>